<?xml version="1.0" encoding="UTF-8"?>
<testsuite xmlns:xsi="http://www.w3.org/2001/XMLSchema-instance" xsi:noNamespaceSchemaLocation="https://maven.apache.org/surefire/maven-surefire-plugin/xsd/surefire-test-report.xsd" version="3.0.2" name="gt.com.megatech.BackendMegaTechApplicationTests" time="41.543" tests="1" errors="0" skipped="0" failures="0">
  <properties>
[...]
</properties>
  <testcase name="contextLoads" classname="gt.com.megatech.BackendMegaTechApplicationTests" time="0.515">
    <system-out><![CDATA[23:32:18.090 [main] INFO org.springframework.test.context.support.AnnotationConfigContextLoaderUtils -- Could not detect default configuration classes for test class [gt.com.megatech.BackendMegaTechApplicationTests]: BackendMegaTechApplicationTests does not declare any static, non-private, non-final, nested classes annotated with @Configuration.
23:32:18.234 [main] INFO org.springframework.boot.test.context.SpringBootTestContextBootstrapper -- Found @SpringBootConfiguration gt.com.megatech.BackendMegaTechApplication for test class gt.com.megatech.BackendMegaTechApplicationTests
23:32:18.468 [main] INFO org.springframework.boot.devtools.restart.RestartApplicationListener -- Restart disabled due to context in which it is running
  ____    _    ____ _  _______ _   _ ____       _    ____ ___   ____  _____ ____ _____ _____      _   __  __                    _____         _     
 | __ )  / \  / ___| |/ / ____| \ | |  _ \     / \  |  _ \_ _| |  _ \| ____/ ___|_   _|  ___|   _| | |  \/  | ___  __ _  __ _  |_   _|__  ___| |__  
 |  _ \ / _ \| |   | ' /|  _| |  \| | | | |   / _ \ | |_) | |  | |_) |  _| \___ \ | | | |_ | | | | | | |\/| |/ _ \/ _` |/ _` |   | |/ _ \/ __| '_ \ 
 | |_) / ___ \ |___| . \| |___| |\  | |_| |  / ___ \|  __/| |  |  _ <| |___ ___) || | |  _|| |_| | | | |  | |  __/ (_| | (_| |   | |  __/ (__| | | |
 |____/_/   \_\____|_|\_\_____|_| \_|____/  /_/   \_\_|  |___| |_| \_\_____|____/ |_| |_|   \__,_|_| |_|  |_|\___|\__, |\__,_|   |_|\___|\___|_| |_|
                                                                                                                  |___/                             
]]></system-out>
  </testcase>
</testsuite>